0 info it worked if it ends with ok
1 verbose cli [ 'node', '/usr/local/bin/npm', 'install' ]
2 info using npm@1.4.28
3 info using node@v0.10.32
4 verbose readDependencies using package.json deps
5 verbose install where, deps [ '/Users/devmountain/Documents/fashionphile',
5 verbose install   [ 'bcryptjs',
5 verbose install     'body-parser',
5 verbose install     'cors',
5 verbose install     'express',
5 verbose install     'express-session',
5 verbose install     'mongodb-queue',
5 verbose install     'mongoose',
5 verbose install     'passport',
5 verbose install     'passport-local' ] ]
6 info preinstall fashionphile@1.0.0
7 verbose readDependencies using package.json deps
8 verbose cache add [ 'bcryptjs@^2.1.0', null ]
9 verbose cache add name=undefined spec="bcryptjs@^2.1.0" args=["bcryptjs@^2.1.0",null]
10 verbose parsed url { protocol: null,
10 verbose parsed url   slashes: null,
10 verbose parsed url   auth: null,
10 verbose parsed url   host: null,
10 verbose parsed url   port: null,
10 verbose parsed url   hostname: null,
10 verbose parsed url   hash: null,
10 verbose parsed url   search: null,
10 verbose parsed url   query: null,
10 verbose parsed url   pathname: 'bcryptjs@^2.1.0',
10 verbose parsed url   path: 'bcryptjs@^2.1.0',
10 verbose parsed url   href: 'bcryptjs@^2.1.0' }
11 verbose cache add [ 'body-parser@^1.12.4', null ]
12 verbose cache add name=undefined spec="body-parser@^1.12.4" args=["body-parser@^1.12.4",null]
13 verbose parsed url { protocol: null,
13 verbose parsed url   slashes: null,
13 verbose parsed url   auth: null,
13 verbose parsed url   host: null,
13 verbose parsed url   port: null,
13 verbose parsed url   hostname: null,
13 verbose parsed url   hash: null,
13 verbose parsed url   search: null,
13 verbose parsed url   query: null,
13 verbose parsed url   pathname: 'body-parser@^1.12.4',
13 verbose parsed url   path: 'body-parser@^1.12.4',
13 verbose parsed url   href: 'body-parser@^1.12.4' }
14 verbose cache add [ 'cors@^2.7.1', null ]
15 verbose cache add name=undefined spec="cors@^2.7.1" args=["cors@^2.7.1",null]
16 verbose parsed url { protocol: null,
16 verbose parsed url   slashes: null,
16 verbose parsed url   auth: null,
16 verbose parsed url   host: null,
16 verbose parsed url   port: null,
16 verbose parsed url   hostname: null,
16 verbose parsed url   hash: null,
16 verbose parsed url   search: null,
16 verbose parsed url   query: null,
16 verbose parsed url   pathname: 'cors@^2.7.1',
16 verbose parsed url   path: 'cors@^2.7.1',
16 verbose parsed url   href: 'cors@^2.7.1' }
17 verbose cache add [ 'express@^4.12.4', null ]
18 verbose cache add name=undefined spec="express@^4.12.4" args=["express@^4.12.4",null]
19 verbose parsed url { protocol: null,
19 verbose parsed url   slashes: null,
19 verbose parsed url   auth: null,
19 verbose parsed url   host: null,
19 verbose parsed url   port: null,
19 verbose parsed url   hostname: null,
19 verbose parsed url   hash: null,
19 verbose parsed url   search: null,
19 verbose parsed url   query: null,
19 verbose parsed url   pathname: 'express@^4.12.4',
19 verbose parsed url   path: 'express@^4.12.4',
19 verbose parsed url   href: 'express@^4.12.4' }
20 verbose cache add [ 'express-session@^1.11.2', null ]
21 verbose cache add name=undefined spec="express-session@^1.11.2" args=["express-session@^1.11.2",null]
22 verbose parsed url { protocol: null,
22 verbose parsed url   slashes: null,
22 verbose parsed url   auth: null,
22 verbose parsed url   host: null,
22 verbose parsed url   port: null,
22 verbose parsed url   hostname: null,
22 verbose parsed url   hash: null,
22 verbose parsed url   search: null,
22 verbose parsed url   query: null,
22 verbose parsed url   pathname: 'express-session@^1.11.2',
22 verbose parsed url   path: 'express-session@^1.11.2',
22 verbose parsed url   href: 'express-session@^1.11.2' }
23 verbose cache add name="bcryptjs" spec="^2.1.0" args=["bcryptjs","^2.1.0"]
24 verbose parsed url { protocol: null,
24 verbose parsed url   slashes: null,
24 verbose parsed url   auth: null,
24 verbose parsed url   host: null,
24 verbose parsed url   port: null,
24 verbose parsed url   hostname: null,
24 verbose parsed url   hash: null,
24 verbose parsed url   search: null,
24 verbose parsed url   query: null,
24 verbose parsed url   pathname: '^2.1.0',
24 verbose parsed url   path: '^2.1.0',
24 verbose parsed url   href: '^2.1.0' }
25 verbose addNamed [ 'bcryptjs', '^2.1.0' ]
26 verbose addNamed [ null, '>=2.1.0-0 <3.0.0-0' ]
27 verbose cache add name="body-parser" spec="^1.12.4" args=["body-parser","^1.12.4"]
28 verbose parsed url { protocol: null,
28 verbose parsed url   slashes: null,
28 verbose parsed url   auth: null,
28 verbose parsed url   host: null,
28 verbose parsed url   port: null,
28 verbose parsed url   hostname: null,
28 verbose parsed url   hash: null,
28 verbose parsed url   search: null,
28 verbose parsed url   query: null,
28 verbose parsed url   pathname: '^1.12.4',
28 verbose parsed url   path: '^1.12.4',
28 verbose parsed url   href: '^1.12.4' }
29 verbose addNamed [ 'body-parser', '^1.12.4' ]
30 verbose addNamed [ null, '>=1.12.4-0 <2.0.0-0' ]
31 verbose cache add name="cors" spec="^2.7.1" args=["cors","^2.7.1"]
32 verbose parsed url { protocol: null,
32 verbose parsed url   slashes: null,
32 verbose parsed url   auth: null,
32 verbose parsed url   host: null,
32 verbose parsed url   port: null,
32 verbose parsed url   hostname: null,
32 verbose parsed url   hash: null,
32 verbose parsed url   search: null,
32 verbose parsed url   query: null,
32 verbose parsed url   pathname: '^2.7.1',
32 verbose parsed url   path: '^2.7.1',
32 verbose parsed url   href: '^2.7.1' }
33 verbose addNamed [ 'cors', '^2.7.1' ]
34 verbose addNamed [ null, '>=2.7.1-0 <3.0.0-0' ]
35 verbose cache add name="express" spec="^4.12.4" args=["express","^4.12.4"]
36 verbose parsed url { protocol: null,
36 verbose parsed url   slashes: null,
36 verbose parsed url   auth: null,
36 verbose parsed url   host: null,
36 verbose parsed url   port: null,
36 verbose parsed url   hostname: null,
36 verbose parsed url   hash: null,
36 verbose parsed url   search: null,
36 verbose parsed url   query: null,
36 verbose parsed url   pathname: '^4.12.4',
36 verbose parsed url   path: '^4.12.4',
36 verbose parsed url   href: '^4.12.4' }
37 verbose addNamed [ 'express', '^4.12.4' ]
38 verbose addNamed [ null, '>=4.12.4-0 <5.0.0-0' ]
39 verbose cache add name="express-session" spec="^1.11.2" args=["express-session","^1.11.2"]
40 verbose parsed url { protocol: null,
40 verbose parsed url   slashes: null,
40 verbose parsed url   auth: null,
40 verbose parsed url   host: null,
40 verbose parsed url   port: null,
40 verbose parsed url   hostname: null,
40 verbose parsed url   hash: null,
40 verbose parsed url   search: null,
40 verbose parsed url   query: null,
40 verbose parsed url   pathname: '^1.11.2',
40 verbose parsed url   path: '^1.11.2',
40 verbose parsed url   href: '^1.11.2' }
41 verbose addNamed [ 'express-session', '^1.11.2' ]
42 verbose addNamed [ null, '>=1.11.2-0 <2.0.0-0' ]
43 verbose cache add [ 'mongodb-queue@^1.0.1', null ]
44 verbose cache add name=undefined spec="mongodb-queue@^1.0.1" args=["mongodb-queue@^1.0.1",null]
45 verbose parsed url { protocol: null,
45 verbose parsed url   slashes: null,
45 verbose parsed url   auth: null,
45 verbose parsed url   host: null,
45 verbose parsed url   port: null,
45 verbose parsed url   hostname: null,
45 verbose parsed url   hash: null,
45 verbose parsed url   search: null,
45 verbose parsed url   query: null,
45 verbose parsed url   pathname: 'mongodb-queue@^1.0.1',
45 verbose parsed url   path: 'mongodb-queue@^1.0.1',
45 verbose parsed url   href: 'mongodb-queue@^1.0.1' }
46 verbose cache add [ 'mongoose@^4.0.5', null ]
47 verbose cache add name=undefined spec="mongoose@^4.0.5" args=["mongoose@^4.0.5",null]
48 verbose parsed url { protocol: null,
48 verbose parsed url   slashes: null,
48 verbose parsed url   auth: null,
48 verbose parsed url   host: null,
48 verbose parsed url   port: null,
48 verbose parsed url   hostname: null,
48 verbose parsed url   hash: null,
48 verbose parsed url   search: null,
48 verbose parsed url   query: null,
48 verbose parsed url   pathname: 'mongoose@^4.0.5',
48 verbose parsed url   path: 'mongoose@^4.0.5',
48 verbose parsed url   href: 'mongoose@^4.0.5' }
49 verbose cache add [ 'passport@^0.2.2', null ]
50 verbose cache add name=undefined spec="passport@^0.2.2" args=["passport@^0.2.2",null]
51 verbose parsed url { protocol: null,
51 verbose parsed url   slashes: null,
51 verbose parsed url   auth: null,
51 verbose parsed url   host: null,
51 verbose parsed url   port: null,
51 verbose parsed url   hostname: null,
51 verbose parsed url   hash: null,
51 verbose parsed url   search: null,
51 verbose parsed url   query: null,
51 verbose parsed url   pathname: 'passport@^0.2.2',
51 verbose parsed url   path: 'passport@^0.2.2',
51 verbose parsed url   href: 'passport@^0.2.2' }
52 verbose cache add [ 'passport-local@^1.0.0', null ]
53 verbose cache add name=undefined spec="passport-local@^1.0.0" args=["passport-local@^1.0.0",null]
54 verbose parsed url { protocol: null,
54 verbose parsed url   slashes: null,
54 verbose parsed url   auth: null,
54 verbose parsed url   host: null,
54 verbose parsed url   port: null,
54 verbose parsed url   hostname: null,
54 verbose parsed url   hash: null,
54 verbose parsed url   search: null,
54 verbose parsed url   query: null,
54 verbose parsed url   pathname: 'passport-local@^1.0.0',
54 verbose parsed url   path: 'passport-local@^1.0.0',
54 verbose parsed url   href: 'passport-local@^1.0.0' }
55 silly lockFile 1d45c49d-bcryptjs-2-1-0 bcryptjs@^2.1.0
56 verbose lock bcryptjs@^2.1.0 /Users/devmountain/.npm/1d45c49d-bcryptjs-2-1-0.lock
57 silly lockFile 0a1db9cf-body-parser-1-12-4 body-parser@^1.12.4
58 verbose lock body-parser@^1.12.4 /Users/devmountain/.npm/0a1db9cf-body-parser-1-12-4.lock
59 silly lockFile 6638ad3c-cors-2-7-1 cors@^2.7.1
60 verbose lock cors@^2.7.1 /Users/devmountain/.npm/6638ad3c-cors-2-7-1.lock
61 silly lockFile 1593f5ea-express-4-12-4 express@^4.12.4
62 verbose lock express@^4.12.4 /Users/devmountain/.npm/1593f5ea-express-4-12-4.lock
63 silly lockFile 0c19d39e-express-session-1-11-2 express-session@^1.11.2
64 verbose lock express-session@^1.11.2 /Users/devmountain/.npm/0c19d39e-express-session-1-11-2.lock
65 verbose cache add name="mongodb-queue" spec="^1.0.1" args=["mongodb-queue","^1.0.1"]
66 verbose parsed url { protocol: null,
66 verbose parsed url   slashes: null,
66 verbose parsed url   auth: null,
66 verbose parsed url   host: null,
66 verbose parsed url   port: null,
66 verbose parsed url   hostname: null,
66 verbose parsed url   hash: null,
66 verbose parsed url   search: null,
66 verbose parsed url   query: null,
66 verbose parsed url   pathname: '^1.0.1',
66 verbose parsed url   path: '^1.0.1',
66 verbose parsed url   href: '^1.0.1' }
67 verbose addNamed [ 'mongodb-queue', '^1.0.1' ]
68 verbose addNamed [ null, '>=1.0.1-0 <2.0.0-0' ]
69 silly lockFile 98a446c7-mongodb-queue-1-0-1 mongodb-queue@^1.0.1
70 verbose lock mongodb-queue@^1.0.1 /Users/devmountain/.npm/98a446c7-mongodb-queue-1-0-1.lock
71 verbose cache add name="mongoose" spec="^4.0.5" args=["mongoose","^4.0.5"]
72 verbose parsed url { protocol: null,
72 verbose parsed url   slashes: null,
72 verbose parsed url   auth: null,
72 verbose parsed url   host: null,
72 verbose parsed url   port: null,
72 verbose parsed url   hostname: null,
72 verbose parsed url   hash: null,
72 verbose parsed url   search: null,
72 verbose parsed url   query: null,
72 verbose parsed url   pathname: '^4.0.5',
72 verbose parsed url   path: '^4.0.5',
72 verbose parsed url   href: '^4.0.5' }
73 verbose addNamed [ 'mongoose', '^4.0.5' ]
74 verbose addNamed [ null, '>=4.0.5-0 <5.0.0-0' ]
75 silly lockFile 933e514d-mongoose-4-0-5 mongoose@^4.0.5
76 verbose lock mongoose@^4.0.5 /Users/devmountain/.npm/933e514d-mongoose-4-0-5.lock
77 verbose cache add name="passport" spec="^0.2.2" args=["passport","^0.2.2"]
78 verbose parsed url { protocol: null,
78 verbose parsed url   slashes: null,
78 verbose parsed url   auth: null,
78 verbose parsed url   host: null,
78 verbose parsed url   port: null,
78 verbose parsed url   hostname: null,
78 verbose parsed url   hash: null,
78 verbose parsed url   search: null,
78 verbose parsed url   query: null,
78 verbose parsed url   pathname: '^0.2.2',
78 verbose parsed url   path: '^0.2.2',
78 verbose parsed url   href: '^0.2.2' }
79 verbose addNamed [ 'passport', '^0.2.2' ]
80 verbose addNamed [ null, '>=0.2.2-0 <0.3.0-0' ]
81 silly lockFile 9b091f9c-passport-0-2-2 passport@^0.2.2
82 verbose lock passport@^0.2.2 /Users/devmountain/.npm/9b091f9c-passport-0-2-2.lock
83 verbose cache add name="passport-local" spec="^1.0.0" args=["passport-local","^1.0.0"]
84 verbose parsed url { protocol: null,
84 verbose parsed url   slashes: null,
84 verbose parsed url   auth: null,
84 verbose parsed url   host: null,
84 verbose parsed url   port: null,
84 verbose parsed url   hostname: null,
84 verbose parsed url   hash: null,
84 verbose parsed url   search: null,
84 verbose parsed url   query: null,
84 verbose parsed url   pathname: '^1.0.0',
84 verbose parsed url   path: '^1.0.0',
84 verbose parsed url   href: '^1.0.0' }
85 verbose addNamed [ 'passport-local', '^1.0.0' ]
86 verbose addNamed [ null, '>=1.0.0-0 <2.0.0-0' ]
87 silly lockFile 1fd84617-passport-local-1-0-0 passport-local@^1.0.0
88 verbose lock passport-local@^1.0.0 /Users/devmountain/.npm/1fd84617-passport-local-1-0-0.lock
89 silly addNameRange { name: 'bcryptjs', range: '>=2.1.0-0 <3.0.0-0', hasData: false }
90 silly addNameRange { name: 'body-parser',
90 silly addNameRange   range: '>=1.12.4-0 <2.0.0-0',
90 silly addNameRange   hasData: false }
91 silly addNameRange { name: 'cors', range: '>=2.7.1-0 <3.0.0-0', hasData: false }
92 silly addNameRange { name: 'express-session',
92 silly addNameRange   range: '>=1.11.2-0 <2.0.0-0',
92 silly addNameRange   hasData: false }
93 silly addNameRange { name: 'express', range: '>=4.12.4-0 <5.0.0-0', hasData: false }
94 silly addNameRange { name: 'mongodb-queue',
94 silly addNameRange   range: '>=1.0.1-0 <2.0.0-0',
94 silly addNameRange   hasData: false }
95 silly addNameRange { name: 'mongoose', range: '>=4.0.5-0 <5.0.0-0', hasData: false }
96 silly addNameRange { name: 'passport', range: '>=0.2.2-0 <0.3.0-0', hasData: false }
97 silly addNameRange { name: 'passport-local',
97 silly addNameRange   range: '>=1.0.0-0 <2.0.0-0',
97 silly addNameRange   hasData: false }
98 verbose request where is /bcryptjs
99 verbose request registry https://registry.npmjs.org/
100 verbose request id 29e7e544777afff8
101 verbose url raw /bcryptjs
102 verbose url resolving [ 'https://registry.npmjs.org/', './bcryptjs' ]
103 verbose url resolved https://registry.npmjs.org/bcryptjs
104 verbose request where is https://registry.npmjs.org/bcryptjs
105 info trying registry request attempt 1 at 12:08:59
106 http GET https://registry.npmjs.org/bcryptjs
107 verbose request where is /cors
108 verbose request registry https://registry.npmjs.org/
109 verbose url raw /cors
110 verbose url resolving [ 'https://registry.npmjs.org/', './cors' ]
111 verbose url resolved https://registry.npmjs.org/cors
112 verbose request where is https://registry.npmjs.org/cors
113 info trying registry request attempt 1 at 12:08:59
114 http GET https://registry.npmjs.org/cors
115 verbose request where is /mongodb-queue
116 verbose request registry https://registry.npmjs.org/
117 verbose url raw /mongodb-queue
118 verbose url resolving [ 'https://registry.npmjs.org/', './mongodb-queue' ]
119 verbose url resolved https://registry.npmjs.org/mongodb-queue
120 verbose request where is https://registry.npmjs.org/mongodb-queue
121 info trying registry request attempt 1 at 12:08:59
122 http GET https://registry.npmjs.org/mongodb-queue
123 verbose request where is /mongoose
124 verbose request registry https://registry.npmjs.org/
125 verbose url raw /mongoose
126 verbose url resolving [ 'https://registry.npmjs.org/', './mongoose' ]
127 verbose url resolved https://registry.npmjs.org/mongoose
128 verbose request where is https://registry.npmjs.org/mongoose
129 info trying registry request attempt 1 at 12:08:59
130 http GET https://registry.npmjs.org/mongoose
131 verbose request where is /passport
132 verbose request registry https://registry.npmjs.org/
133 verbose url raw /passport
134 verbose url resolving [ 'https://registry.npmjs.org/', './passport' ]
135 verbose url resolved https://registry.npmjs.org/passport
136 verbose request where is https://registry.npmjs.org/passport
137 info trying registry request attempt 1 at 12:08:59
138 http GET https://registry.npmjs.org/passport
139 verbose request where is /passport-local
140 verbose request registry https://registry.npmjs.org/
141 verbose url raw /passport-local
142 verbose url resolving [ 'https://registry.npmjs.org/', './passport-local' ]
143 verbose url resolved https://registry.npmjs.org/passport-local
144 verbose request where is https://registry.npmjs.org/passport-local
145 info trying registry request attempt 1 at 12:08:59
146 http GET https://registry.npmjs.org/passport-local
147 verbose request where is /express
148 verbose request registry https://registry.npmjs.org/
149 verbose url raw /express
150 verbose url resolving [ 'https://registry.npmjs.org/', './express' ]
151 verbose url resolved https://registry.npmjs.org/express
152 verbose request where is https://registry.npmjs.org/express
153 info trying registry request attempt 1 at 12:08:59
154 verbose etag "7GLOMACPVI1OVNPGNRVB5YW8D"
155 http GET https://registry.npmjs.org/express
156 verbose request where is /body-parser
157 verbose request registry https://registry.npmjs.org/
158 verbose url raw /body-parser
159 verbose url resolving [ 'https://registry.npmjs.org/', './body-parser' ]
160 verbose url resolved https://registry.npmjs.org/body-parser
161 verbose request where is https://registry.npmjs.org/body-parser
162 info trying registry request attempt 1 at 12:08:59
163 verbose etag "1X110NJOXQGQD6OXPAK6D2GCT"
164 http GET https://registry.npmjs.org/body-parser
165 verbose request where is /express-session
166 verbose request registry https://registry.npmjs.org/
167 verbose url raw /express-session
168 verbose url resolving [ 'https://registry.npmjs.org/', './express-session' ]
169 verbose url resolved https://registry.npmjs.org/express-session
170 verbose request where is https://registry.npmjs.org/express-session
171 info trying registry request attempt 1 at 12:08:59
172 verbose etag "7L432LTNQY7LC0VF9O31I0O2K"
173 http GET https://registry.npmjs.org/express-session
174 http 200 https://registry.npmjs.org/cors
175 silly registry.get cb [ 200,
175 silly registry.get   { server: 'CouchDB/1.5.0 (Erlang OTP/R16B03)',
175 silly registry.get     etag: '"3XLQ6BJGGC0CZBBALD2BEQMM4"',
175 silly registry.get     'content-type': 'application/json',
175 silly registry.get     'cache-control': 'max-age=60',
175 silly registry.get     'content-length': '46084',
175 silly registry.get     'accept-ranges': 'bytes',
175 silly registry.get     date: 'Wed, 10 Jun 2015 18:08:59 GMT',
175 silly registry.get     via: '1.1 varnish',
175 silly registry.get     age: '13',
175 silly registry.get     connection: 'keep-alive',
175 silly registry.get     'x-served-by': 'cache-ord1720-ORD',
175 silly registry.get     'x-cache': 'HIT',
175 silly registry.get     'x-cache-hits': '1',
175 silly registry.get     'x-timer': 'S1433959739.803269,VS0,VE0',
175 silly registry.get     vary: 'Accept' } ]
176 silly addNameRange number 2 { name: 'cors', range: '>=2.7.1-0 <3.0.0-0', hasData: true }
177 silly addNameRange versions [ 'cors',
177 silly addNameRange   [ '0.0.1',
177 silly addNameRange     '0.0.2',
177 silly addNameRange     '0.0.3',
177 silly addNameRange     '0.0.4',
177 silly addNameRange     '0.0.5',
177 silly addNameRange     '0.1.0',
177 silly addNameRange     '0.1.1',
177 silly addNameRange     '1.0.0',
177 silly addNameRange     '1.0.1',
177 silly addNameRange     '2.0.0',
177 silly addNameRange     '2.1.0',
177 silly addNameRange     '2.1.1',
177 silly addNameRange     '2.2.0',
177 silly addNameRange     '2.3.0',
177 silly addNameRange     '2.3.1',
177 silly addNameRange     '2.3.2',
177 silly addNameRange     '2.4.0',
177 silly addNameRange     '2.4.1',
177 silly addNameRange     '2.4.2',
177 silly addNameRange     '2.5.0',
177 silly addNameRange     '2.5.1',
177 silly addNameRange     '2.5.2',
177 silly addNameRange     '2.5.3',
177 silly addNameRange     '2.6.0',
177 silly addNameRange     '2.6.1',
177 silly addNameRange     '2.7.0',
177 silly addNameRange     '2.7.1' ] ]
178 verbose addNamed [ 'cors', '2.7.1' ]
179 verbose addNamed [ '2.7.1', '2.7.1' ]
180 silly lockFile 221e52c6-cors-2-7-1 cors@2.7.1
181 verbose lock cors@2.7.1 /Users/devmountain/.npm/221e52c6-cors-2-7-1.lock
182 http 200 https://registry.npmjs.org/bcryptjs
183 silly registry.get cb [ 200,
183 silly registry.get   { server: 'CouchDB/1.5.0 (Erlang OTP/R16B03)',
183 silly registry.get     etag: '"F5JRDN30ATOZSYGCGR4E58N8W"',
183 silly registry.get     'content-type': 'application/json',
183 silly registry.get     'cache-control': 'max-age=60',
183 silly registry.get     'content-length': '41903',
183 silly registry.get     'accept-ranges': 'bytes',
183 silly registry.get     date: 'Wed, 10 Jun 2015 18:08:59 GMT',
183 silly registry.get     via: '1.1 varnish',
183 silly registry.get     age: '0',
183 silly registry.get     connection: 'keep-alive',
183 silly registry.get     'x-served-by': 'cache-ord1723-ORD',
183 silly registry.get     'x-cache': 'HIT',
183 silly registry.get     'x-cache-hits': '1',
183 silly registry.get     'x-timer': 'S1433959739.802850,VS0,VE38',
183 silly registry.get     vary: 'Accept' } ]
184 http 200 https://registry.npmjs.org/passport
185 silly registry.get cb [ 200,
185 silly registry.get   { server: 'CouchDB/1.5.0 (Erlang OTP/R16B03)',
185 silly registry.get     etag: '"4V0HIP6RM8XA81ESYM3HTLPN2"',
185 silly registry.get     'content-type': 'application/json',
185 silly registry.get     'cache-control': 'max-age=60',
185 silly registry.get     'content-length': '36264',
185 silly registry.get     'accept-ranges': 'bytes',
185 silly registry.get     date: 'Wed, 10 Jun 2015 18:08:59 GMT',
185 silly registry.get     via: '1.1 varnish',
185 silly registry.get     age: '0',
185 silly registry.get     connection: 'keep-alive',
185 silly registry.get     'x-served-by': 'cache-ord1720-ORD',
185 silly registry.get     'x-cache': 'HIT',
185 silly registry.get     'x-cache-hits': '1',
185 silly registry.get     'x-timer': 'S1433959739.803461,VS0,VE40',
185 silly registry.get     vary: 'Accept' } ]
186 silly lockFile 2618af42-ry-npmjs-org-cors-cors-2-7-1-tgz https://registry.npmjs.org/cors/-/cors-2.7.1.tgz
187 verbose lock https://registry.npmjs.org/cors/-/cors-2.7.1.tgz /Users/devmountain/.npm/2618af42-ry-npmjs-org-cors-cors-2-7-1-tgz.lock
188 verbose addRemoteTarball [ 'https://registry.npmjs.org/cors/-/cors-2.7.1.tgz',
188 verbose addRemoteTarball   '3c2e50a58af9ef8c89bee21226b099be1f02739b' ]
189 silly addNameRange number 2 { name: 'bcryptjs', range: '>=2.1.0-0 <3.0.0-0', hasData: true }
190 silly addNameRange versions [ 'bcryptjs',
190 silly addNameRange   [ '0.7.5',
190 silly addNameRange     '0.7.6',
190 silly addNameRange     '0.7.7',
190 silly addNameRange     '0.7.8',
190 silly addNameRange     '0.7.10',
190 silly addNameRange     '0.7.12',
190 silly addNameRange     '1.0.0',
190 silly addNameRange     '1.0.1',
190 silly addNameRange     '1.0.2',
190 silly addNameRange     '1.0.3',
190 silly addNameRange     '1.0.4',
190 silly addNameRange     '1.0.5',
190 silly addNameRange     '1.1.0',
190 silly addNameRange     '2.0.0',
190 silly addNameRange     '2.0.1',
190 silly addNameRange     '2.0.2',
190 silly addNameRange     '2.1.0' ] ]
191 verbose addNamed [ 'bcryptjs', '2.1.0' ]
192 verbose addNamed [ '2.1.0', '2.1.0' ]
193 silly lockFile 041e8dd2-bcryptjs-2-1-0 bcryptjs@2.1.0
194 verbose lock bcryptjs@2.1.0 /Users/devmountain/.npm/041e8dd2-bcryptjs-2-1-0.lock
195 silly addNameRange number 2 { name: 'passport', range: '>=0.2.2-0 <0.3.0-0', hasData: true }
196 silly addNameRange versions [ 'passport',
196 silly addNameRange   [ '0.1.0',
196 silly addNameRange     '0.1.1',
196 silly addNameRange     '0.1.2',
196 silly addNameRange     '0.1.3',
196 silly addNameRange     '0.1.4',
196 silly addNameRange     '0.1.5',
196 silly addNameRange     '0.1.6',
196 silly addNameRange     '0.1.7',
196 silly addNameRange     '0.1.8',
196 silly addNameRange     '0.1.9',
196 silly addNameRange     '0.1.10',
196 silly addNameRange     '0.1.11',
196 silly addNameRange     '0.1.12',
196 silly addNameRange     '0.1.13',
196 silly addNameRange     '0.1.14',
196 silly addNameRange     '0.1.15',
196 silly addNameRange     '0.1.16',
196 silly addNameRange     '0.1.17',
196 silly addNameRange     '0.1.18',
196 silly addNameRange     '0.2.0',
196 silly addNameRange     '0.2.1',
196 silly addNameRange     '0.2.2' ] ]
197 verbose addNamed [ 'passport', '0.2.2' ]
198 verbose addNamed [ '0.2.2', '0.2.2' ]
199 silly lockFile e0584552-passport-0-2-2 passport@0.2.2
200 verbose lock passport@0.2.2 /Users/devmountain/.npm/e0584552-passport-0-2-2.lock
201 silly lockFile 4d34382b--org-bcryptjs-bcryptjs-2-1-0-tgz https://registry.npmjs.org/bcryptjs/-/bcryptjs-2.1.0.tgz
202 verbose lock https://registry.npmjs.org/bcryptjs/-/bcryptjs-2.1.0.tgz /Users/devmountain/.npm/4d34382b--org-bcryptjs-bcryptjs-2-1-0-tgz.lock
203 silly lockFile b56d6135--org-passport-passport-0-2-2-tgz https://registry.npmjs.org/passport/-/passport-0.2.2.tgz
204 verbose lock https://registry.npmjs.org/passport/-/passport-0.2.2.tgz /Users/devmountain/.npm/b56d6135--org-passport-passport-0-2-2-tgz.lock
205 info retry fetch attempt 1 at 12:08:59
206 verbose fetch to= /var/folders/vf/9lt9257d5kb42wryl4slqt_r0000gn/T/npm-1071-FHRHq0n1/registry.npmjs.org/cors/-/cors-2.7.1.tgz
207 verbose addRemoteTarball [ 'https://registry.npmjs.org/bcryptjs/-/bcryptjs-2.1.0.tgz',
207 verbose addRemoteTarball   '5e6076196f6e3e957820aceb004410a7cf367042' ]
208 verbose addRemoteTarball [ 'https://registry.npmjs.org/passport/-/passport-0.2.2.tgz',
208 verbose addRemoteTarball   '9c38f17beb929f3d81af7b8838e8430db8703f2b' ]
209 http GET https://registry.npmjs.org/cors/-/cors-2.7.1.tgz
210 info retry fetch attempt 1 at 12:08:59
211 verbose fetch to= /var/folders/vf/9lt9257d5kb42wryl4slqt_r0000gn/T/npm-1071-FHRHq0n1/registry.npmjs.org/bcryptjs/-/bcryptjs-2.1.0.tgz
212 info retry fetch attempt 1 at 12:08:59
213 verbose fetch to= /var/folders/vf/9lt9257d5kb42wryl4slqt_r0000gn/T/npm-1071-FHRHq0n1/registry.npmjs.org/passport/-/passport-0.2.2.tgz
214 http GET https://registry.npmjs.org/bcryptjs/-/bcryptjs-2.1.0.tgz
215 http GET https://registry.npmjs.org/passport/-/passport-0.2.2.tgz
216 http 200 https://registry.npmjs.org/mongodb-queue
217 silly registry.get cb [ 200,
217 silly registry.get   { server: 'CouchDB/1.5.0 (Erlang OTP/R16B03)',
217 silly registry.get     etag: '"2JWE45O0R7NL9DI4BF438M95J"',
217 silly registry.get     'content-type': 'application/json',
217 silly registry.get     'cache-control': 'max-age=60',
217 silly registry.get     'content-length': '30908',
217 silly registry.get     'accept-ranges': 'bytes',
217 silly registry.get     date: 'Wed, 10 Jun 2015 18:08:59 GMT',
217 silly registry.get     via: '1.1 varnish',
217 silly registry.get     age: '0',
217 silly registry.get     connection: 'keep-alive',
217 silly registry.get     'x-served-by': 'cache-ord1726-ORD',
217 silly registry.get     'x-cache': 'MISS',
217 silly registry.get     'x-cache-hits': '0',
217 silly registry.get     'x-timer': 'S1433959739.802815,VS0,VE144',
217 silly registry.get     vary: 'Accept' } ]
218 silly addNameRange number 2 { name: 'mongodb-queue',
218 silly addNameRange   range: '>=1.0.1-0 <2.0.0-0',
218 silly addNameRange   hasData: true }
219 silly addNameRange versions [ 'mongodb-queue',
219 silly addNameRange   [ '0.1.0',
219 silly addNameRange     '0.2.0',
219 silly addNameRange     '0.2.1',
219 silly addNameRange     '0.3.0',
219 silly addNameRange     '0.3.1',
219 silly addNameRange     '0.4.0',
219 silly addNameRange     '0.5.0',
219 silly addNameRange     '0.6.0',
219 silly addNameRange     '0.7.0',
219 silly addNameRange     '0.8.0',
219 silly addNameRange     '0.9.1',
219 silly addNameRange     '1.0.0',
219 silly addNameRange     '1.0.1' ] ]
220 verbose addNamed [ 'mongodb-queue', '1.0.1' ]
221 verbose addNamed [ '1.0.1', '1.0.1' ]
222 silly lockFile 0b0b9478-mongodb-queue-1-0-1 mongodb-queue@1.0.1
223 verbose lock mongodb-queue@1.0.1 /Users/devmountain/.npm/0b0b9478-mongodb-queue-1-0-1.lock
224 silly lockFile 9a479e14-db-queue-mongodb-queue-1-0-1-tgz https://registry.npmjs.org/mongodb-queue/-/mongodb-queue-1.0.1.tgz
225 verbose lock https://registry.npmjs.org/mongodb-queue/-/mongodb-queue-1.0.1.tgz /Users/devmountain/.npm/9a479e14-db-queue-mongodb-queue-1-0-1-tgz.lock
226 verbose addRemoteTarball [ 'https://registry.npmjs.org/mongodb-queue/-/mongodb-queue-1.0.1.tgz',
226 verbose addRemoteTarball   '782eb6428ba0b4426676882db58863e927cfcff8' ]
227 info retry fetch attempt 1 at 12:08:59
228 verbose fetch to= /var/folders/vf/9lt9257d5kb42wryl4slqt_r0000gn/T/npm-1071-FHRHq0n1/registry.npmjs.org/mongodb-queue/-/mongodb-queue-1.0.1.tgz
229 http GET https://registry.npmjs.org/mongodb-queue/-/mongodb-queue-1.0.1.tgz
230 http 304 https://registry.npmjs.org/body-parser
231 silly registry.get cb [ 304,
231 silly registry.get   { date: 'Wed, 10 Jun 2015 18:09:00 GMT',
231 silly registry.get     via: '1.1 varnish',
231 silly registry.get     'cache-control': 'max-age=60',
231 silly registry.get     etag: '"1X110NJOXQGQD6OXPAK6D2GCT"',
231 silly registry.get     age: '49',
231 silly registry.get     connection: 'keep-alive',
231 silly registry.get     'x-served-by': 'cache-ord1720-ORD',
231 silly registry.get     'x-cache': 'HIT',
231 silly registry.get     'x-cache-hits': '1',
231 silly registry.get     'x-timer': 'S1433959740.021693,VS0,VE0',
231 silly registry.get     vary: 'Accept' } ]
232 verbose etag https://registry.npmjs.org/body-parser from cache
233 silly addNameRange number 2 { name: 'body-parser',
233 silly addNameRange   range: '>=1.12.4-0 <2.0.0-0',
233 silly addNameRange   hasData: true }
234 silly addNameRange versions [ 'body-parser',
234 silly addNameRange   [ '1.0.0',
234 silly addNameRange     '1.0.1',
234 silly addNameRange     '1.0.2',
234 silly addNameRange     '1.1.0',
234 silly addNameRange     '1.1.1',
234 silly addNameRange     '1.1.2',
234 silly addNameRange     '1.2.0',
234 silly addNameRange     '1.2.1',
234 silly addNameRange     '1.2.2',
234 silly addNameRange     '1.3.0',
234 silly addNameRange     '1.3.1',
234 silly addNameRange     '1.4.0',
234 silly addNameRange     '1.4.1',
234 silly addNameRange     '1.4.2',
234 silly addNameRange     '1.4.3',
234 silly addNameRange     '1.5.0',
234 silly addNameRange     '1.5.1',
234 silly addNameRange     '1.5.2',
234 silly addNameRange     '1.6.0',
234 silly addNameRange     '1.6.1',
234 silly addNameRange     '1.6.2',
234 silly addNameRange     '1.6.3',
234 silly addNameRange     '1.6.4',
234 silly addNameRange     '1.6.5',
234 silly addNameRange     '1.6.6',
234 silly addNameRange     '1.6.7',
234 silly addNameRange     '1.7.0',
234 silly addNameRange     '1.8.0',
234 silly addNameRange     '1.8.1',
234 silly addNameRange     '1.8.2',
234 silly addNameRange     '1.8.3',
234 silly addNameRange     '1.8.4',
234 silly addNameRange     '1.9.0',
234 silly addNameRange     '1.9.1',
234 silly addNameRange     '1.9.2',
234 silly addNameRange     '1.9.3',
234 silly addNameRange     '1.10.0',
234 silly addNameRange     '1.10.1',
234 silly addNameRange     '1.10.2',
234 silly addNameRange     '1.11.0',
234 silly addNameRange     '1.12.0',
234 silly addNameRange     '1.12.1',
234 silly addNameRange     '1.12.2',
234 silly addNameRange     '1.12.3',
234 silly addNameRange     '1.12.4' ] ]
235 verbose addNamed [ 'body-parser', '1.12.4' ]
236 verbose addNamed [ '1.12.4', '1.12.4' ]
237 silly lockFile b06c8939-body-parser-1-12-4 body-parser@1.12.4
238 verbose lock body-parser@1.12.4 /Users/devmountain/.npm/b06c8939-body-parser-1-12-4.lock
239 silly lockFile b06c8939-body-parser-1-12-4 body-parser@1.12.4
240 silly lockFile b06c8939-body-parser-1-12-4 body-parser@1.12.4
241 silly lockFile 0a1db9cf-body-parser-1-12-4 body-parser@^1.12.4
242 silly lockFile 0a1db9cf-body-parser-1-12-4 body-parser@^1.12.4
243 http 200 https://registry.npmjs.org/passport-local
244 silly registry.get cb [ 200,
244 silly registry.get   { server: 'CouchDB/1.5.0 (Erlang OTP/R16B03)',
244 silly registry.get     etag: '"AAPH6UEMFPVMQXFSI1PWZ224H"',
244 silly registry.get     'content-type': 'application/json',
244 silly registry.get     'cache-control': 'max-age=60',
244 silly registry.get     'content-length': '13366',
244 silly registry.get     'accept-ranges': 'bytes',
244 silly registry.get     date: 'Wed, 10 Jun 2015 18:09:00 GMT',
244 silly registry.get     via: '1.1 varnish',
244 silly registry.get     age: '0',
244 silly registry.get     connection: 'keep-alive',
244 silly registry.get     'x-served-by': 'cache-ord1720-ORD',
244 silly registry.get     'x-cache': 'HIT',
244 silly registry.get     'x-cache-hits': '1',
244 silly registry.get     'x-timer': 'S1433959740.010514,VS0,VE62',
244 silly registry.get     vary: 'Accept' } ]
245 silly addNameRange number 2 { name: 'passport-local',
245 silly addNameRange   range: '>=1.0.0-0 <2.0.0-0',
245 silly addNameRange   hasData: true }
246 silly addNameRange versions [ 'passport-local',
246 silly addNameRange   [ '0.1.0',
246 silly addNameRange     '0.1.1',
246 silly addNameRange     '0.1.2',
246 silly addNameRange     '0.1.3',
246 silly addNameRange     '0.1.4',
246 silly addNameRange     '0.1.5',
246 silly addNameRange     '0.1.6',
246 silly addNameRange     '1.0.0' ] ]
247 verbose addNamed [ 'passport-local', '1.0.0' ]
248 verbose addNamed [ '1.0.0', '1.0.0' ]
249 silly lockFile 8defd22e-passport-local-1-0-0 passport-local@1.0.0
250 verbose lock passport-local@1.0.0 /Users/devmountain/.npm/8defd22e-passport-local-1-0-0.lock
251 silly lockFile 4bf3bb31-t-local-passport-local-1-0-0-tgz https://registry.npmjs.org/passport-local/-/passport-local-1.0.0.tgz
252 verbose lock https://registry.npmjs.org/passport-local/-/passport-local-1.0.0.tgz /Users/devmountain/.npm/4bf3bb31-t-local-passport-local-1-0-0-tgz.lock
253 verbose addRemoteTarball [ 'https://registry.npmjs.org/passport-local/-/passport-local-1.0.0.tgz',
253 verbose addRemoteTarball   '1fe63268c92e75606626437e3b906662c15ba6ee' ]
254 info retry fetch attempt 1 at 12:08:59
255 verbose fetch to= /var/folders/vf/9lt9257d5kb42wryl4slqt_r0000gn/T/npm-1071-FHRHq0n1/registry.npmjs.org/passport-local/-/passport-local-1.0.0.tgz
256 http GET https://registry.npmjs.org/passport-local/-/passport-local-1.0.0.tgz
257 http 200 https://registry.npmjs.org/mongoose
258 silly registry.get cb [ 200,
258 silly registry.get   { server: 'CouchDB/1.5.0 (Erlang OTP/R16B03)',
258 silly registry.get     etag: '"C1V9UYL40MABT4YVI27THE0VA"',
258 silly registry.get     'content-type': 'application/json',
258 silly registry.get     'cache-control': 'max-age=60',
258 silly registry.get     'content-length': '326840',
258 silly registry.get     'accept-ranges': 'bytes',
258 silly registry.get     date: 'Wed, 10 Jun 2015 18:08:59 GMT',
258 silly registry.get     via: '1.1 varnish',
258 silly registry.get     age: '15',
258 silly registry.get     connection: 'keep-alive',
258 silly registry.get     'x-served-by': 'cache-ord1725-ORD',
258 silly registry.get     'x-cache': 'HIT',
258 silly registry.get     'x-cache-hits': '47',
258 silly registry.get     'x-timer': 'S1433959739.789957,VS0,VE0',
258 silly registry.get     vary: 'Accept' } ]
259 http 200 https://registry.npmjs.org/express-session
260 silly registry.get cb [ 200,
260 silly registry.get   { server: 'CouchDB/1.5.0 (Erlang OTP/R16B03)',
260 silly registry.get     etag: '"6I58FKXP7AES0X5QECMG3VJ4X"',
260 silly registry.get     'content-type': 'application/json',
260 silly registry.get     'cache-control': 'max-age=60',
260 silly registry.get     'content-length': '84734',
260 silly registry.get     'accept-ranges': 'bytes',
260 silly registry.get     date: 'Wed, 10 Jun 2015 18:09:00 GMT',
260 silly registry.get     via: '1.1 varnish',
260 silly registry.get     age: '26',
260 silly registry.get     connection: 'keep-alive',
260 silly registry.get     'x-served-by': 'cache-ord1726-ORD',
260 silly registry.get     'x-cache': 'HIT',
260 silly registry.get     'x-cache-hits': '1',
260 silly registry.get     'x-timer': 'S1433959740.066798,VS0,VE0',
260 silly registry.get     vary: 'Accept' } ]
261 silly addNameRange number 2 { name: 'express-session',
261 silly addNameRange   range: '>=1.11.2-0 <2.0.0-0',
261 silly addNameRange   hasData: true }
262 silly addNameRange versions [ 'express-session',
262 silly addNameRange   [ '1.0.0',
262 silly addNameRange     '1.0.1',
262 silly addNameRange     '1.0.2',
262 silly addNameRange     '1.0.3',
262 silly addNameRange     '1.0.4',
262 silly addNameRange     '1.1.0',
262 silly addNameRange     '1.2.0',
262 silly addNameRange     '1.2.1',
262 silly addNameRange     '1.3.0',
262 silly addNameRange     '1.3.1',
262 silly addNameRange     '1.4.0',
262 silly addNameRange     '1.5.0',
262 silly addNameRange     '1.5.1',
262 silly addNameRange     '1.5.2',
262 silly addNameRange     '1.6.0',
262 silly addNameRange     '1.6.1',
262 silly addNameRange     '1.6.2',
262 silly addNameRange     '1.6.3',
262 silly addNameRange     '1.6.4',
262 silly addNameRange     '1.6.5',
262 silly addNameRange     '1.7.0',
262 silly addNameRange     '1.7.1',
262 silly addNameRange     '1.7.2',
262 silly addNameRange     '1.7.3',
262 silly addNameRange     '1.7.4',
262 silly addNameRange     '1.7.5',
262 silly addNameRange     '1.7.6',
262 silly addNameRange     '1.8.0',
262 silly addNameRange     '1.8.1',
262 silly addNameRange     '1.8.2',
262 silly addNameRange     '1.9.0',
262 silly addNameRange     '1.9.1',
262 silly addNameRange     '1.9.2',
262 silly addNameRange     '1.9.3',
262 silly addNameRange     '1.10.0',
262 silly addNameRange     '1.10.1',
262 silly addNameRange     '1.10.2',
262 silly addNameRange     '1.10.3',
262 silly addNameRange     '1.10.4',
262 silly addNameRange     '1.11.0',
262 silly addNameRange     '1.11.1',
262 silly addNameRange     '1.11.2' ] ]
263 verbose addNamed [ 'express-session', '1.11.2' ]
264 verbose addNamed [ '1.11.2', '1.11.2' ]
265 silly lockFile 185c5f9f-express-session-1-11-2 express-session@1.11.2
266 verbose lock express-session@1.11.2 /Users/devmountain/.npm/185c5f9f-express-session-1-11-2.lock
267 silly addNameRange number 2 { name: 'mongoose', range: '>=4.0.5-0 <5.0.0-0', hasData: true }
268 silly addNameRange versions [ 'mongoose',
268 silly addNameRange   [ '0.0.1',
268 silly addNameRange     '0.0.2',
268 silly addNameRange     '0.0.3',
268 silly addNameRange     '0.0.4',
268 silly addNameRange     '0.0.5',
268 silly addNameRange     '1.0.0',
268 silly addNameRange     '1.0.1',
268 silly addNameRange     '1.0.2',
268 silly addNameRange     '0.0.6',
268 silly addNameRange     '1.0.3',
268 silly addNameRange     '1.0.4',
268 silly addNameRange     '1.0.5',
268 silly addNameRange     '1.0.6',
268 silly addNameRange     '1.0.7',
268 silly addNameRange     '1.0.8',
268 silly addNameRange     '1.0.10',
268 silly addNameRange     '1.0.11',
268 silly addNameRange     '1.0.12',
268 silly addNameRange     '1.0.13',
268 silly addNameRange     '1.0.14',
268 silly addNameRange     '1.0.15',
268 silly addNameRange     '1.0.16',
268 silly addNameRange     '1.1.0',
268 silly addNameRange     '1.1.1',
268 silly addNameRange     '1.1.2',
268 silly addNameRange     '1.1.3',
268 silly addNameRange     '1.1.4',
268 silly addNameRange     '1.1.5',
268 silly addNameRange     '1.1.6',
268 silly addNameRange     '1.1.7',
268 silly addNameRange     '1.1.8',
268 silly addNameRange     '1.1.9',
268 silly addNameRange     '1.1.10',
268 silly addNameRange     '1.1.11',
268 silly addNameRange     '1.1.12',
268 silly addNameRange     '1.1.13',
268 silly addNameRange     '1.1.14',
268 silly addNameRange     '1.1.15',
268 silly addNameRange     '1.1.16',
268 silly addNameRange     '1.1.17',
268 silly addNameRange     '1.1.18',
268 silly addNameRange     '1.1.19',
268 silly addNameRange     '1.1.20',
268 silly addNameRange     '1.1.21',
268 silly addNameRange     '1.1.22',
268 silly addNameRange     '1.1.23',
268 silly addNameRange     '1.1.24',
268 silly addNameRange     '1.1.25',
268 silly addNameRange     '1.2.0',
268 silly addNameRange     '1.3.0',
268 silly addNameRange     '1.3.1',
268 silly addNameRange     '1.3.2',
268 silly addNameRange     '1.3.3',
268 silly addNameRange     '1.3.4',
268 silly addNameRange     '1.3.5',
268 silly addNameRange     '1.3.6',
268 silly addNameRange     '1.3.7',
268 silly addNameRange     '1.4.0',
268 silly addNameRange     '1.5.0',
268 silly addNameRange     '1.6.0',
268 silly addNameRange     '1.7.2',
268 silly addNameRange     '1.7.3',
268 silly addNameRange     '1.7.4',
268 silly addNameRange     '1.8.0',
268 silly addNameRange     '1.8.1',
268 silly addNameRange     '1.8.2',
268 silly addNameRange     '1.8.3',
268 silly addNameRange     '1.8.4',
268 silly addNameRange     '2.0.0',
268 silly addNameRange     '2.0.1',
268 silly addNameRange     '2.0.2',
268 silly addNameRange     '2.0.3',
268 silly addNameRange     '2.0.4',
268 silly addNameRange     '2.1.0',
268 silly addNameRange     '2.1.1',
268 silly addNameRange     '2.1.2',
268 silly addNameRange     '2.1.3',
268 silly addNameRange     '2.1.4',
268 silly addNameRange     '2.2.0',
268 silly addNameRange     '2.2.1',
268 silly addNameRange     '2.2.2',
268 silly addNameRange     '2.2.3',
268 silly addNameRange     '2.2.4',
268 silly addNameRange     '2.3.0',
268 silly addNameRange     '2.3.1',
268 silly addNameRange     '2.3.2',
268 silly addNameRange     '2.3.3',
268 silly addNameRange     '2.3.4',
268 silly addNameRange     '2.3.5',
268 silly addNameRange     '2.3.6',
268 silly addNameRange     '2.3.7',
268 silly addNameRange     '2.3.8',
268 silly addNameRange     '2.3.9',
268 silly addNameRange     '2.3.10',
268 silly addNameRange     '2.3.11',
268 silly addNameRange     '2.3.12',
268 silly addNameRange     '2.3.13',
268 silly addNameRange     '2.4.0',
268 silly addNameRange     '2.4.1',
268 silly addNameRange     '2.4.2',
268 silly addNameRange     '2.4.3',
268 silly addNameRange     '2.4.4',
268 silly addNameRange     '2.4.5',
268 silly addNameRange     '2.4.6',
268 silly addNameRange     '2.4.7',
268 silly addNameRange     '2.4.8',
268 silly addNameRange     '2.4.9',
268 silly addNameRange     '2.4.10',
268 silly addNameRange     '2.5.0',
268 silly addNameRange     '2.5.1',
268 silly addNameRange     '2.5.2',
268 silly addNameRange     '2.5.3',
268 silly addNameRange     '2.5.4',
268 silly addNameRange     '2.5.5',
268 silly addNameRange     '2.5.6',
268 silly addNameRange     '2.5.7',
268 silly addNameRange     '2.5.8',
268 silly addNameRange     '2.5.9',
268 silly addNameRange     '2.5.10',
268 silly addNameRange     '2.5.11',
268 silly addNameRange     '2.5.12',
268 silly addNameRange     '2.5.13',
268 silly addNameRange     '2.5.14',
268 silly addNameRange     '2.6.0',
268 silly addNameRange     '2.6.1',
268 silly addNameRange     '2.6.2',
268 silly addNameRange     '2.6.3',
268 silly addNameRange     '2.6.4',
268 silly addNameRange     '2.6.5',
268 silly addNameRange     '2.6.6',
268 silly addNameRange     '2.6.7',
268 silly addNameRange     '2.6.8',
268 silly addNameRange     '2.7.0',
268 silly addNameRange     '2.7.1',
268 silly addNameRange     '2.7.2',
268 silly addNameRange     '2.7.4',
268 silly addNameRange     '2.7.3',
268 silly addNameRange     '3.0.0',
268 silly addNameRange     '3.0.1',
268 silly addNameRange     '3.0.2',
268 silly addNameRange     '2.8.0',
268 silly addNameRange     '3.0.3',
268 silly addNameRange     '3.1.0',
268 silly addNameRange     '2.8.1',
268 silly addNameRange     '3.1.1',
268 silly addNameRange     '2.8.2',
268 silly addNameRange     '2.8.3',
268 silly addNameRange     '2.9.0',
268 silly addNameRange     '3.2.0',
268 silly addNameRange     '2.9.1',
268 silly addNameRange     '3.2.1',
268 silly addNameRange     '2.9.2',
268 silly addNameRange     '3.2.2',
268 silly addNameRange     '3.3.0',
268 silly addNameRange     '3.3.1',
268 silly addNameRange     '2.9.3',
268 silly addNameRange     '3.4.0',
268 silly addNameRange     '2.9.4',
268 silly addNameRange     '2.9.5',
268 silly addNameRange     '3.5.0',
268 silly addNameRange     '3.5.1',
268 silly addNameRange     '3.5.2',
268 silly addNameRange     '3.5.3',
268 silly addNameRange     '2.9.6',
268 silly addNameRange     '2.9.7',
268 silly addNameRange     '3.5.4',
268 silly addNameRange     '3.5.5',
268 silly addNameRange     '2.9.8',
268 silly addNameRange     '2.9.9',
268 silly addNameRange     '3.5.6',
268 silly addNameRange     '3.5.7',
268 silly addNameRange     '3.5.8',
268 silly addNameRange     '2.9.10',
268 silly addNameRange     '3.5.9',
268 silly addNameRange     '3.6.2',
268 silly addNameRange     '3.5.10',
268 silly addNameRange     '3.6.3',
268 silly addNameRange     '3.5.11',
268 silly addNameRange     '3.6.4',
268 silly addNameRange     '3.6.5',
268 silly addNameRange     '3.6.6',
268 silly addNameRange     '3.6.7',
268 silly addNameRange     '3.5.12',
268 silly addNameRange     '3.6.8',
268 silly addNameRange     '3.6.9',
268 silly addNameRange     '3.6.10',
268 silly addNameRange     '3.5.13',
268 silly addNameRange     '3.5.14',
268 silly addNameRange     '3.6.11',
268 silly addNameRange     '3.6.12',
268 silly addNameRange     '3.6.13',
268 silly addNameRange     '3.6.14',
268 silly addNameRange     '3.6.15',
268 silly addNameRange     '3.5.15',
268 silly addNameRange     '3.7.0',
268 silly addNameRange     '3.6.16',
268 silly addNameRange     '3.5.16',
268 silly addNameRange     '3.6.17',
268 silly addNameRange     '3.7.2',
268 silly addNameRange     '3.0.0-alpha1',
268 silly addNameRange     '3.0.0-alpha2',
268 silly addNameRange     '3.0.0-rc0',
268 silly addNameRange     '3.6.0-rc0',
268 silly addNameRange     '3.6.0-rc1',
268 silly addNameRange     '3.6.18',
268 silly addNameRange     '3.7.3',
268 silly addNameRange     '3.6.19',
268 silly addNameRange     '3.6.20',
268 silly addNameRange     '3.7.4',
268 silly addNameRange     '3.8.0',
268 silly addNameRange     '3.8.1',
268 silly addNameRange     '3.8.2',
268 silly addNameRange     '3.8.3',
268 silly addNameRange     '3.8.4',
268 silly addNameRange     '3.8.5',
268 silly addNameRange     '3.8.6',
268 silly addNameRange     '3.8.7',
268 silly addNameRange     '3.8.8',
268 silly addNameRange     '3.8.9',
268 silly addNameRange     '3.8.10',
268 silly addNameRange     '3.8.11',
268 silly addNameRange     '3.9.0',
268 silly addNameRange     '3.8.12',
268 silly addNameRange     '3.8.13',
268 silly addNameRange     '3.8.14',
268 silly addNameRange     '3.8.15',
268 silly addNameRange     '3.9.1',
268 silly addNameRange     '3.8.16',
268 silly addNameRange     '3.9.2',
268 silly addNameRange     '3.8.17',
268 silly addNameRange     '3.9.3',
268 silly addNameRange     '3.8.18',
268 silly addNameRange     '3.9.4',
268 silly addNameRange     '3.8.19',
268 silly addNameRange     '3.9.5',
268 silly addNameRange     '3.8.20',
268 silly addNameRange     '3.9.6',
268 silly addNameRange     '3.8.21',
268 silly addNameRange     '3.9.7',
268 silly addNameRange     '3.8.22',
268 silly addNameRange     '4.0.0-rc0',
268 silly addNameRange     '4.0.0-rc1',
268 silly addNameRange     '3.8.23',
268 silly addNameRange     '4.0.0-rc2',
268 silly addNameRange     '3.8.24',
268 silly addNameRange     '4.0.0-rc3',
268 silly addNameRange     '3.8.25',
268 silly addNameRange     '4.0.0-rc4',
268 silly addNameRange     '4.0.0',
268 silly addNameRange     '4.0.1',
268 silly addNameRange     '3.8.26',
268 silly addNameRange     '3.8.27',
268 silly addNameRange     '4.0.2',
268 silly addNameRange     '3.8.28',
268 silly addNameRange     '4.0.3',
268 silly addNameRange     '3.8.29',
268 silly addNameRange     '4.0.4',
268 silly addNameRange     '3.8.30',
268 silly addNameRange     '4.0.5' ] ]
269 verbose addNamed [ 'mongoose', '4.0.5' ]
270 verbose addNamed [ '4.0.5', '4.0.5' ]
271 silly lockFile 59dd479b-mongoose-4-0-5 mongoose@4.0.5
272 verbose lock mongoose@4.0.5 /Users/devmountain/.npm/59dd479b-mongoose-4-0-5.lock
273 silly lockFile 54bda92a-ssion-express-session-1-11-2-tgz https://registry.npmjs.org/express-session/-/express-session-1.11.2.tgz
274 verbose lock https://registry.npmjs.org/express-session/-/express-session-1.11.2.tgz /Users/devmountain/.npm/54bda92a-ssion-express-session-1-11-2-tgz.lock
275 silly lockFile d9a2a4ba--org-mongoose-mongoose-4-0-5-tgz https://registry.npmjs.org/mongoose/-/mongoose-4.0.5.tgz
276 verbose lock https://registry.npmjs.org/mongoose/-/mongoose-4.0.5.tgz /Users/devmountain/.npm/d9a2a4ba--org-mongoose-mongoose-4-0-5-tgz.lock
277 verbose addRemoteTarball [ 'https://registry.npmjs.org/express-session/-/express-session-1.11.2.tgz',
277 verbose addRemoteTarball   'a165c9cfe158c8ada18e67d9e0d73e9eb35fa575' ]
278 verbose addRemoteTarball [ 'https://registry.npmjs.org/mongoose/-/mongoose-4.0.5.tgz',
278 verbose addRemoteTarball   'f6781d96100e84d6cf72990efdca0ff7bc883a3d' ]
279 info retry fetch attempt 1 at 12:09:00
280 verbose fetch to= /var/folders/vf/9lt9257d5kb42wryl4slqt_r0000gn/T/npm-1071-FHRHq0n1/registry.npmjs.org/express-session/-/express-session-1.11.2.tgz
281 info retry fetch attempt 1 at 12:09:00
282 verbose fetch to= /var/folders/vf/9lt9257d5kb42wryl4slqt_r0000gn/T/npm-1071-FHRHq0n1/registry.npmjs.org/mongoose/-/mongoose-4.0.5.tgz
283 http GET https://registry.npmjs.org/express-session/-/express-session-1.11.2.tgz
284 http GET https://registry.npmjs.org/mongoose/-/mongoose-4.0.5.tgz
285 http 200 https://registry.npmjs.org/bcryptjs/-/bcryptjs-2.1.0.tgz
286 http 200 https://registry.npmjs.org/passport/-/passport-0.2.2.tgz
287 http 200 https://registry.npmjs.org/cors/-/cors-2.7.1.tgz
288 http 200 https://registry.npmjs.org/passport-local/-/passport-local-1.0.0.tgz
289 silly lockFile b56d6135--org-passport-passport-0-2-2-tgz https://registry.npmjs.org/passport/-/passport-0.2.2.tgz
290 silly lockFile b56d6135--org-passport-passport-0-2-2-tgz https://registry.npmjs.org/passport/-/passport-0.2.2.tgz
291 silly lockFile e0584552-passport-0-2-2 passport@0.2.2
292 silly lockFile e0584552-passport-0-2-2 passport@0.2.2
293 silly lockFile 2618af42-ry-npmjs-org-cors-cors-2-7-1-tgz https://registry.npmjs.org/cors/-/cors-2.7.1.tgz
294 silly lockFile 2618af42-ry-npmjs-org-cors-cors-2-7-1-tgz https://registry.npmjs.org/cors/-/cors-2.7.1.tgz
295 silly lockFile 9b091f9c-passport-0-2-2 passport@^0.2.2
296 silly lockFile 9b091f9c-passport-0-2-2 passport@^0.2.2
297 silly lockFile 221e52c6-cors-2-7-1 cors@2.7.1
298 silly lockFile 221e52c6-cors-2-7-1 cors@2.7.1
299 silly lockFile 4bf3bb31-t-local-passport-local-1-0-0-tgz https://registry.npmjs.org/passport-local/-/passport-local-1.0.0.tgz
300 silly lockFile 4bf3bb31-t-local-passport-local-1-0-0-tgz https://registry.npmjs.org/passport-local/-/passport-local-1.0.0.tgz
301 silly lockFile 6638ad3c-cors-2-7-1 cors@^2.7.1
302 silly lockFile 6638ad3c-cors-2-7-1 cors@^2.7.1
303 silly lockFile 8defd22e-passport-local-1-0-0 passport-local@1.0.0
304 silly lockFile 8defd22e-passport-local-1-0-0 passport-local@1.0.0
305 silly lockFile 1fd84617-passport-local-1-0-0 passport-local@^1.0.0
306 silly lockFile 1fd84617-passport-local-1-0-0 passport-local@^1.0.0
307 http 200 https://registry.npmjs.org/mongodb-queue/-/mongodb-queue-1.0.1.tgz
308 silly lockFile 9a479e14-db-queue-mongodb-queue-1-0-1-tgz https://registry.npmjs.org/mongodb-queue/-/mongodb-queue-1.0.1.tgz
309 silly lockFile 9a479e14-db-queue-mongodb-queue-1-0-1-tgz https://registry.npmjs.org/mongodb-queue/-/mongodb-queue-1.0.1.tgz
310 silly lockFile 0b0b9478-mongodb-queue-1-0-1 mongodb-queue@1.0.1
311 silly lockFile 0b0b9478-mongodb-queue-1-0-1 mongodb-queue@1.0.1
312 silly lockFile 98a446c7-mongodb-queue-1-0-1 mongodb-queue@^1.0.1
313 silly lockFile 98a446c7-mongodb-queue-1-0-1 mongodb-queue@^1.0.1
314 http 200 https://registry.npmjs.org/express
315 silly registry.get cb [ 200,
315 silly registry.get   { server: 'CouchDB/1.5.0 (Erlang OTP/R16B03)',
315 silly registry.get     etag: '"ES8H8RWZUOL9B9CEHFCPK625H"',
315 silly registry.get     'content-type': 'application/json',
315 silly registry.get     'cache-control': 'max-age=60',
315 silly registry.get     'content-length': '499720',
315 silly registry.get     'accept-ranges': 'bytes',
315 silly registry.get     date: 'Wed, 10 Jun 2015 18:09:00 GMT',
315 silly registry.get     via: '1.1 varnish',
315 silly registry.get     age: '50',
315 silly registry.get     connection: 'keep-alive',
315 silly registry.get     'x-served-by': 'cache-ord1723-ORD',
315 silly registry.get     'x-cache': 'HIT',
315 silly registry.get     'x-cache-hits': '3',
315 silly registry.get     'x-timer': 'S1433959740.017038,VS0,VE0',
315 silly registry.get     vary: 'Accept' } ]
316 http 200 https://registry.npmjs.org/mongoose/-/mongoose-4.0.5.tgz
317 http 200 https://registry.npmjs.org/express-session/-/express-session-1.11.2.tgz
318 silly addNameRange number 2 { name: 'express', range: '>=4.12.4-0 <5.0.0-0', hasData: true }
319 silly addNameRange versions [ 'express',
319 silly addNameRange   [ '0.14.0',
319 silly addNameRange     '0.14.1',
319 silly addNameRange     '1.0.0',
319 silly addNameRange     '1.0.1',
319 silly addNameRange     '1.0.2',
319 silly addNameRange     '1.0.3',
319 silly addNameRange     '1.0.4',
319 silly addNameRange     '1.0.5',
319 silly addNameRange     '1.0.6',
319 silly addNameRange     '1.0.7',
319 silly addNameRange     '1.0.8',
319 silly addNameRange     '2.0.0',
319 silly addNameRange     '2.1.0',
319 silly addNameRange     '2.1.1',
319 silly addNameRange     '2.2.0',
319 silly addNameRange     '2.2.1',
319 silly addNameRange     '2.2.2',
319 silly addNameRange     '2.3.0',
319 silly addNameRange     '2.3.1',
319 silly addNameRange     '2.3.2',
319 silly addNameRange     '2.3.3',
319 silly addNameRange     '2.3.4',
319 silly addNameRange     '2.3.5',
319 silly addNameRange     '2.3.6',
319 silly addNameRange     '2.3.7',
319 silly addNameRange     '2.3.8',
319 silly addNameRange     '2.3.9',
319 silly addNameRange     '2.3.10',
319 silly addNameRange     '2.3.11',
319 silly addNameRange     '2.3.12',
319 silly addNameRange     '2.4.0',
319 silly addNameRange     '2.4.1',
319 silly addNameRange     '2.4.2',
319 silly addNameRange     '2.4.3',
319 silly addNameRange     '2.4.4',
319 silly addNameRange     '2.4.5',
319 silly addNameRange     '2.4.6',
319 silly addNameRange     '2.4.7',
319 silly addNameRange     '2.5.0',
319 silly addNameRange     '2.5.1',
319 silly addNameRange     '2.5.2',
319 silly addNameRange     '2.5.3',
319 silly addNameRange     '2.5.4',
319 silly addNameRange     '2.5.5',
319 silly addNameRange     '2.5.6',
319 silly addNameRange     '2.5.7',
319 silly addNameRange     '2.5.8',
319 silly addNameRange     '2.5.9',
319 silly addNameRange     '2.5.10',
319 silly addNameRange     '2.5.11',
319 silly addNameRange     '3.0.0',
319 silly addNameRange     '3.0.1',
319 silly addNameRange     '3.0.2',
319 silly addNameRange     '3.0.3',
319 silly addNameRange     '3.0.4',
319 silly addNameRange     '3.0.5',
319 silly addNameRange     '3.0.6',
319 silly addNameRange     '3.1.0',
319 silly addNameRange     '3.1.1',
319 silly addNameRange     '3.1.2',
319 silly addNameRange     '3.2.0',
319 silly addNameRange     '3.2.1',
319 silly addNameRange     '3.2.2',
319 silly addNameRange     '3.2.3',
319 silly addNameRange     '3.2.4',
319 silly addNameRange     '3.2.5',
319 silly addNameRange     '3.2.6',
319 silly addNameRange     '3.3.0',
319 silly addNameRange     '3.3.1',
319 silly addNameRange     '3.3.2',
319 silly addNameRange     '3.3.3',
319 silly addNameRange     '3.3.4',
319 silly addNameRange     '3.3.5',
319 silly addNameRange     '3.3.6',
319 silly addNameRange     '1.0.0-beta',
319 silly addNameRange     '1.0.0-beta2',
319 silly addNameRange     '1.0.0-rc',
319 silly addNameRange     '1.0.0-rc2',
319 silly addNameRange     '1.0.0-rc3',
319 silly addNameRange     '1.0.0-rc4',
319 silly addNameRange     '2.0.0-beta',
319 silly addNameRange     '2.0.0-beta2',
319 silly addNameRange     '2.0.0-beta3',
319 silly addNameRange     '2.0.0-rc',
319 silly addNameRange     '2.0.0-rc2',
319 silly addNameRange     '2.0.0-rc3',
319 silly addNameRange     '3.0.0-alpha1',
319 silly addNameRange     '3.0.0-alpha2',
319 silly addNameRange     '3.0.0-alpha3',
319 silly addNameRange     '3.0.0-alpha4',
319 silly addNameRange     '3.0.0-alpha5',
319 silly addNameRange     '3.0.0-beta1',
319 silly addNameRange     '3.0.0-beta2',
319 silly addNameRange     '3.0.0-beta3',
319 silly addNameRange     '3.0.0-beta4',
319 silly addNameRange     '3.0.0-beta6',
319 silly addNameRange     '3.0.0-beta7',
319 silly addNameRange     '3.0.0-rc1',
319 silly addNameRange     '3.0.0-rc2',
319 silly addNameRange     '3.0.0-rc3',
319 silly addNameRange     '3.0.0-rc4',
319 silly addNameRange     '3.0.0-rc5',
319 silly addNameRange     '3.3.7',
319 silly addNameRange     '3.3.8',
319 silly addNameRange     '3.4.0',
319 silly addNameRange     '3.4.1',
319 silly addNameRange     '3.4.2',
319 silly addNameRange     '3.4.3',
319 silly addNameRange     '3.4.4',
319 silly addNameRange     '3.4.5',
319 silly addNameRange     '3.4.6',
319 silly addNameRange     '3.4.7',
319 silly addNameRange     '3.4.8',
319 silly addNameRange     '4.0.0-rc1',
319 silly addNameRange     '4.0.0-rc2',
319 silly addNameRange     '3.5.0',
319 silly addNameRange     '4.0.0-rc3',
319 silly addNameRange     '4.0.0-rc4',
319 silly addNameRange     '3.5.1',
319 silly addNameRange     '4.0.0',
319 silly addNameRange     '3.5.2',
319 silly addNameRange     '4.1.0',
319 silly addNameRange     '4.1.1',
319 silly addNameRange     '3.5.3',
319 silly addNameRange     '4.1.2',
319 silly addNameRange     '3.6.0',
319 silly addNameRange     '4.2.0',
319 silly addNameRange     '3.7.0',
319 silly addNameRange     '3.8.0',
319 silly addNameRange     '4.3.0',
319 silly addNameRange     '4.3.1',
319 silly addNameRange     '3.8.1',
319 silly addNameRange     '4.3.2',
319 silly addNameRange     '3.9.0',
319 silly addNameRange     '4.4.0',
319 silly addNameRange     '4.4.1',
319 silly addNameRange     '3.10.0',
319 silly addNameRange     '3.10.1',
319 silly addNameRange     '3.10.2',
319 silly addNameRange     '3.10.3',
319 silly addNameRange     '3.10.4',
319 silly addNameRange     '4.4.2',
319 silly addNameRange     '3.10.5',
319 silly addNameRange     '4.4.3',
319 silly addNameRange     '3.11.0',
319 silly addNameRange     '4.4.4',
319 silly addNameRange     '3.12.0',
319 silly addNameRange     '3.12.1',
319 silly addNameRange     '4.4.5',
319 silly addNameRange     '3.13.0',
319 silly addNameRange     '4.5.0',
319 silly addNameRange     '4.5.1',
319 silly addNameRange     '3.14.0',
319 silly addNameRange     '4.6.0',
319 silly addNameRange     '4.6.1',
319 silly addNameRange     '3.15.0',
319 silly addNameRange     '4.7.0',
319 silly addNameRange     '3.15.1',
319 silly addNameRange     '4.7.1',
319 silly addNameRange     '3.15.2',
319 silly addNameRange     '4.7.2',
319 silly addNameRange     '4.7.3',
319 silly addNameRange     '3.15.3',
319 silly addNameRange     '4.7.4',
319 silly addNameRange     '3.16.0',
319 silly addNameRange     '4.8.0',
319 silly addNameRange     '3.16.1',
319 silly addNameRange     '4.8.1',
319 silly addNameRange     '3.16.2',
319 silly addNameRange     '4.8.2',
319 silly addNameRange     '3.16.3',
319 silly addNameRange     '3.16.4',
319 silly addNameRange     '4.8.3',
319 silly addNameRange     '3.16.5',
319 silly addNameRange     '3.16.6',
319 silly addNameRange     '4.8.4',
319 silly addNameRange     '3.16.7',
319 silly addNameRange     '4.8.5',
319 silly addNameRange     '3.16.8',
319 silly addNameRange     '4.8.6',
319 silly addNameRange     '3.16.9',
319 silly addNameRange     '4.8.7',
319 silly addNameRange     '3.16.10',
319 silly addNameRange     '4.8.8',
319 silly addNameRange     '3.17.0',
319 silly addNameRange     '3.17.1',
319 silly addNameRange     '4.9.0',
319 silly addNameRange     '3.17.2',
319 silly addNameRange     '4.9.1',
319 silly addNameRange     '4.9.2',
319 silly addNameRange     '3.17.3',
319 silly addNameRange     '4.9.3',
319 silly addNameRange     '3.17.4',
319 silly addNameRange     '4.9.4',
319 silly addNameRange     '3.17.5',
319 silly addNameRange     '4.9.5',
319 silly addNameRange     '3.17.6',
319 silly addNameRange     '3.17.7',
319 silly addNameRange     '4.9.6',
319 silly addNameRange     '4.9.7',
319 silly addNameRange     '3.17.8',
319 silly addNameRange     '4.9.8',
319 silly addNameRange     '3.18.0',
319 silly addNameRange     '3.18.1',
319 silly addNameRange     '4.10.0',
319 silly addNameRange     '3.18.2',
319 silly addNameRange     '4.10.1',
319 silly addNameRange     '5.0.0-alpha.1',
319 silly addNameRange     '3.18.3',
319 silly addNameRange     '4.10.2',
319 silly addNameRange     '3.18.4',
319 silly addNameRange     '4.10.3',
319 silly addNameRange     '4.10.4',
319 silly addNameRange     '4.10.5',
319 silly addNameRange     '3.18.5',
319 silly addNameRange     '3.18.6',
319 silly addNameRange     '4.10.6',
319 silly addNameRange     '4.10.7',
319 silly addNameRange     '3.19.0',
319 silly addNameRange     '4.10.8',
319 silly addNameRange     '4.11.0',
319 silly addNameRange     '3.19.1',
319 silly addNameRange     '4.11.1',
319 silly addNameRange     '3.19.2',
319 silly addNameRange     '4.11.2',
319 silly addNameRange     '3.20.0',
319 silly addNameRange     '4.12.0',
319 silly addNameRange     '3.20.1',
319 silly addNameRange     '4.12.1',
319 silly addNameRange     '4.12.2',
319 silly addNameRange     '3.20.2',
319 silly addNameRange     '4.12.3',
319 silly addNameRange     '3.20.3',
319 silly addNameRange     '4.12.4' ] ]
320 verbose addNamed [ 'express', '4.12.4' ]
321 verbose addNamed [ '4.12.4', '4.12.4' ]
322 silly lockFile 3b813118-express-4-12-4 express@4.12.4
323 verbose lock express@4.12.4 /Users/devmountain/.npm/3b813118-express-4-12-4.lock
324 silly lockFile 54bda92a-ssion-express-session-1-11-2-tgz https://registry.npmjs.org/express-session/-/express-session-1.11.2.tgz
325 silly lockFile 54bda92a-ssion-express-session-1-11-2-tgz https://registry.npmjs.org/express-session/-/express-session-1.11.2.tgz
326 silly lockFile 185c5f9f-express-session-1-11-2 express-session@1.11.2
327 silly lockFile 185c5f9f-express-session-1-11-2 express-session@1.11.2
328 silly lockFile 018f992a-s-org-express-express-4-12-4-tgz https://registry.npmjs.org/express/-/express-4.12.4.tgz
329 verbose lock https://registry.npmjs.org/express/-/express-4.12.4.tgz /Users/devmountain/.npm/018f992a-s-org-express-express-4-12-4-tgz.lock
330 silly lockFile 0c19d39e-express-session-1-11-2 express-session@^1.11.2
331 silly lockFile 0c19d39e-express-session-1-11-2 express-session@^1.11.2
332 verbose addRemoteTarball [ 'https://registry.npmjs.org/express/-/express-4.12.4.tgz',
332 verbose addRemoteTarball   '8fec2510255bc6b2e58107c48239c0fa307c1aa2' ]
333 info retry fetch attempt 1 at 12:09:00
334 verbose fetch to= /var/folders/vf/9lt9257d5kb42wryl4slqt_r0000gn/T/npm-1071-FHRHq0n1/registry.npmjs.org/express/-/express-4.12.4.tgz
335 http GET https://registry.npmjs.org/express/-/express-4.12.4.tgz
336 silly lockFile 4d34382b--org-bcryptjs-bcryptjs-2-1-0-tgz https://registry.npmjs.org/bcryptjs/-/bcryptjs-2.1.0.tgz
337 silly lockFile 4d34382b--org-bcryptjs-bcryptjs-2-1-0-tgz https://registry.npmjs.org/bcryptjs/-/bcryptjs-2.1.0.tgz
338 silly lockFile 041e8dd2-bcryptjs-2-1-0 bcryptjs@2.1.0
339 silly lockFile 041e8dd2-bcryptjs-2-1-0 bcryptjs@2.1.0
340 silly lockFile 1d45c49d-bcryptjs-2-1-0 bcryptjs@^2.1.0
341 silly lockFile 1d45c49d-bcryptjs-2-1-0 bcryptjs@^2.1.0
342 http 200 https://registry.npmjs.org/express/-/express-4.12.4.tgz
343 silly lockFile 018f992a-s-org-express-express-4-12-4-tgz https://registry.npmjs.org/express/-/express-4.12.4.tgz
344 silly lockFile 018f992a-s-org-express-express-4-12-4-tgz https://registry.npmjs.org/express/-/express-4.12.4.tgz
345 silly lockFile 3b813118-express-4-12-4 express@4.12.4
346 silly lockFile 3b813118-express-4-12-4 express@4.12.4
347 silly lockFile 1593f5ea-express-4-12-4 express@^4.12.4
348 silly lockFile 1593f5ea-express-4-12-4 express@^4.12.4
349 silly lockFile d9a2a4ba--org-mongoose-mongoose-4-0-5-tgz https://registry.npmjs.org/mongoose/-/mongoose-4.0.5.tgz
350 silly lockFile d9a2a4ba--org-mongoose-mongoose-4-0-5-tgz https://registry.npmjs.org/mongoose/-/mongoose-4.0.5.tgz
351 silly lockFile 59dd479b-mongoose-4-0-5 mongoose@4.0.5
352 silly lockFile 59dd479b-mongoose-4-0-5 mongoose@4.0.5
353 silly lockFile 933e514d-mongoose-4-0-5 mongoose@^4.0.5
354 silly lockFile 933e514d-mongoose-4-0-5 mongoose@^4.0.5
355 error Error: EACCES, mkdir '/Users/devmountain/.npm/express-session/1.11.2'
355 error  { [Error: EACCES, mkdir '/Users/devmountain/.npm/express-session/1.11.2']
355 error   errno: 3,
355 error   code: 'EACCES',
355 error   path: '/Users/devmountain/.npm/express-session/1.11.2',
355 error   parent: 'fashionphile' }
356 error Please try running this command again as root/Administrator.
357 error System Darwin 14.0.0
358 error command "node" "/usr/local/bin/npm" "install"
359 error cwd /Users/devmountain/Documents/fashionphile
360 error node -v v0.10.32
361 error npm -v 1.4.28
362 error path /Users/devmountain/.npm/express-session/1.11.2
363 error code EACCES
364 error errno 3
365 error stack Error: EACCES, mkdir '/Users/devmountain/.npm/express-session/1.11.2'
366 verbose exit [ 3, true ]
